<?xml version="1.0" encoding="UTF-8"?>
<!-- Generated by org.testng.reporters.JUnitReportReporter -->
<testsuite hostname="DESKTOP-6J2U447" failures="0" tests="1" name="com.framework.testrunner.amazon.Amazon_Search_Runner" time="30.779" errors="0" timestamp="2022-06-22T22:52:35 CST" skipped="0">
  <testcase classname="com.framework.testrunner.amazon.Amazon_Search_Runner" name="feature" time="30.779"/>
  <system-out/>
</testsuite> <!-- com.framework.testrunner.amazon.Amazon_Search_Runner -->
